<?xml version="1.0" encoding="UTF-8"?>
<testng-results skipped="0" failed="0" ignored="0" total="2" passed="2">
  <reporter-output>
  </reporter-output>
  <suite name="Default suite" duration-ms="49" started-at="2018-09-04T11:08:23Z" finished-at="2018-09-04T11:08:23Z">
    <groups>
    </groups>
    <test name="Default test" duration-ms="49" started-at="2018-09-04T11:08:23Z" finished-at="2018-09-04T11:08:23Z">
      <class name="com.seldemod.selenium.SelDemo">
        <test-method status="PASS" signature="beforeSuite()[pri:0, instance:com.seldemod.selenium.SelDemo@28d25987]" name="beforeSuite" is-config="true" duration-ms="16" started-at="2018-09-04T11:08:23Z" finished-at="2018-09-04T11:08:23Z">
          <reporter-output>
          </reporter-output>
        </test-method> <!-- beforeSuite -->
        <test-method status="PASS" signature="beforeTest()[pri:0, instance:com.seldemod.selenium.SelDemo@28d25987]" name="beforeTest" is-config="true" duration-ms="1" started-at="2018-09-04T11:08:23Z" finished-at="2018-09-04T11:08:23Z">
          <reporter-output>
          </reporter-output>
        </test-method> <!-- beforeTest -->
        <test-method status="PASS" signature="beforeClass()[pri:0, instance:com.seldemod.selenium.SelDemo@28d25987]" name="beforeClass" is-config="true" duration-ms="0" started-at="2018-09-04T11:08:23Z" finished-at="2018-09-04T11:08:23Z">
          <reporter-output>
          </reporter-output>
        </test-method> <!-- beforeClass -->
        <test-method status="PASS" signature="testCase1()[pri:0, instance:com.seldemod.selenium.SelDemo@28d25987]" name="testCase1" duration-ms="15" started-at="2018-09-04T11:08:23Z" finished-at="2018-09-04T11:08:23Z">
          <reporter-output>
          </reporter-output>
        </test-method> <!-- testCase1 -->
        <test-method status="PASS" signature="beforeMethod()[pri:0, instance:com.seldemod.selenium.SelDemo@28d25987]" name="beforeMethod" is-config="true" duration-ms="0" started-at="2018-09-04T11:08:23Z" finished-at="2018-09-04T11:08:23Z">
          <reporter-output>
          </reporter-output>
        </test-method> <!-- beforeMethod -->
        <test-method status="PASS" signature="afterMethod()[pri:0, instance:com.seldemod.selenium.SelDemo@28d25987]" name="afterMethod" is-config="true" duration-ms="0" started-at="2018-09-04T11:08:23Z" finished-at="2018-09-04T11:08:23Z">
          <reporter-output>
          </reporter-output>
        </test-method> <!-- afterMethod -->
        <test-method status="PASS" signature="beforeMethod()[pri:0, instance:com.seldemod.selenium.SelDemo@28d25987]" name="beforeMethod" is-config="true" duration-ms="0" started-at="2018-09-04T11:08:23Z" finished-at="2018-09-04T11:08:23Z">
          <reporter-output>
          </reporter-output>
        </test-method> <!-- beforeMethod -->
        <test-method status="PASS" signature="testCase2()[pri:0, instance:com.seldemod.selenium.SelDemo@28d25987]" name="testCase2" duration-ms="5" started-at="2018-09-04T11:08:23Z" finished-at="2018-09-04T11:08:23Z">
          <reporter-output>
          </reporter-output>
        </test-method> <!-- testCase2 -->
        <test-method status="PASS" signature="afterMethod()[pri:0, instance:com.seldemod.selenium.SelDemo@28d25987]" name="afterMethod" is-config="true" duration-ms="0" started-at="2018-09-04T11:08:23Z" finished-at="2018-09-04T11:08:23Z">
          <reporter-output>
          </reporter-output>
        </test-method> <!-- afterMethod -->
        <test-method status="PASS" signature="afterClass()[pri:0, instance:com.seldemod.selenium.SelDemo@28d25987]" name="afterClass" is-config="true" duration-ms="0" started-at="2018-09-04T11:08:23Z" finished-at="2018-09-04T11:08:23Z">
          <reporter-output>
          </reporter-output>
        </test-method> <!-- afterClass -->
        <test-method status="PASS" signature="afterTest()[pri:0, instance:com.seldemod.selenium.SelDemo@28d25987]" name="afterTest" is-config="true" duration-ms="0" started-at="2018-09-04T11:08:23Z" finished-at="2018-09-04T11:08:23Z">
          <reporter-output>
          </reporter-output>
        </test-method> <!-- afterTest -->
        <test-method status="PASS" signature="afterSuite()[pri:0, instance:com.seldemod.selenium.SelDemo@28d25987]" name="afterSuite" is-config="true" duration-ms="0" started-at="2018-09-04T11:08:23Z" finished-at="2018-09-04T11:08:23Z">
          <reporter-output>
          </reporter-output>
        </test-method> <!-- afterSuite -->
      </class> <!-- com.seldemod.selenium.SelDemo -->
    </test> <!-- Default test -->
  </suite> <!-- Default suite -->
</testng-results>
